app/build/outputs/logs/manifest-merger-debug-report.txt
-- Merging decision tree log ---
manifest
ADDED from src\main\AndroidManifest.xml:2:1-33:12
	package
		ADDED from src\main\AndroidManifest.xml:3:5-44
		INJECTED from src\main\AndroidManifest.xml
		INJECTED from src\main\AndroidManifest.xml
	android:versionName
		INJECTED from src\main\AndroidManifest.xml
		INJECTED from src\main\AndroidManifest.xml
	xmlns:android
		ADDED from src\main\AndroidManifest.xml:2:11-69
	android:versionCode
		INJECTED from src\main\AndroidManifest.xml
		INJECTED from src\main\AndroidManifest.xml
application
ADDED from src\main\AndroidManifest.xml:5:5-31:19
MERGED from [com.android.support:appcompat-v7:23.1.1] AndroidManifest.xml:22:5-20
MERGED from [com.android.support:support-v4:23.1.1] AndroidManifest.xml:22:5-20
	android:label
		ADDED from src\main\AndroidManifest.xml:8:9-41
	android:supportsRtl
		ADDED from src\main\AndroidManifest.xml:9:9-35
	android:allowBackup
		ADDED from src\main\AndroidManifest.xml:6:9-35
	android:icon
		ADDED from src\main\AndroidManifest.xml:7:9-35
	android:theme
		ADDED from src\main\AndroidManifest.xml:10:9-40
activity#com.example.rohithraj.pesfood.WeekDisplayActivity
ADDED from src\main\AndroidManifest.xml:11:9-17:20
	android:name
		ADDED from src\main\AndroidManifest.xml:11:19-54
intent-filter#android.intent.action.MAIN+android.intent.category.LAUNCHER
ADDED from src\main\AndroidManifest.xml:12:13-16:29
action#android.intent.action.MAIN
ADDED from src\main\AndroidManifest.xml:13:17-69
	android:name
		ADDED from src\main\AndroidManifest.xml:13:25-66
category#android.intent.category.LAUNCHER
ADDED from src\main\AndroidManifest.xml:15:17-77
	android:name
		ADDED from src\main\AndroidManifest.xml:15:27-74
activity#com.example.rohithraj.pesfood.SingleListItem
ADDED from src\main\AndroidManifest.xml:18:9-19:61
	android:label
		ADDED from src\main\AndroidManifest.xml:19:13-49
	android:name
		ADDED from src\main\AndroidManifest.xml:18:19-49
activity#com.example.rohithraj.pesfood.SingleListItem2
ADDED from src\main\AndroidManifest.xml:20:9-21:61
	android:label
		ADDED from src\main\AndroidManifest.xml:21:13-49
	android:name
		ADDED from src\main\AndroidManifest.xml:20:19-50
activity#com.example.rohithraj.pesfood.SingleListItem3
ADDED from src\main\AndroidManifest.xml:22:9-23:61
	android:label
		ADDED from src\main\AndroidManifest.xml:23:13-49
	android:name
		ADDED from src\main\AndroidManifest.xml:22:19-50
activity#com.example.rohithraj.pesfood.SingleListItem4
ADDED from src\main\AndroidManifest.xml:24:9-25:61
	android:label
		ADDED from src\main\AndroidManifest.xml:25:13-49
	android:name
		ADDED from src\main\AndroidManifest.xml:24:19-50
activity#com.example.rohithraj.pesfood.WeekOneListView
ADDED from src\main\AndroidManifest.xml:27:9-95
	android:label
		ADDED from src\main\AndroidManifest.xml:27:51-83
	android:name
		ADDED from src\main\AndroidManifest.xml:27:19-50
activity#com.example.rohithraj.pesfood.WeekTwoListView
ADDED from src\main\AndroidManifest.xml:28:9-95
	android:label
		ADDED from src\main\AndroidManifest.xml:28:51-83
	android:name
		ADDED from src\main\AndroidManifest.xml:28:19-50
activity#com.example.rohithraj.pesfood.WeekThreeListView
ADDED from src\main\AndroidManifest.xml:29:9-97
	android:label
		ADDED from src\main\AndroidManifest.xml:29:53-85
	android:name
		ADDED from src\main\AndroidManifest.xml:29:19-52
activity#com.example.rohithraj.pesfood.WeekFourListView
ADDED from src\main\AndroidManifest.xml:30:9-96
	android:label
		ADDED from src\main\AndroidManifest.xml:30:52-84
	android:name
		ADDED from src\main\AndroidManifest.xml:30:19-51
uses-sdk
INJECTED from src\main\AndroidManifest.xml reason: use-sdk injection requested
MERGED from [com.android.support:appcompat-v7:23.1.1] AndroidManifest.xml:20:5-43
MERGED from [com.android.support:support-v4:23.1.1] AndroidManifest.xml:20:5-43
	android:targetSdkVersion
		INJECTED from src\main\AndroidManifest.xml
		INJECTED from src\main\AndroidManifest.xml
	android:minSdkVersion
		INJECTED from src\main\AndroidManifest.xml
		INJECTED from src\main\AndroidManifest.xml